<?xml version="1.0" encoding="UTF-8"?>
<!-- Generated by org.testng.reporters.JUnitXMLReporter -->
<testsuite ignored="19" hostname="Seema_laptop" failures="0" tests="1" name="Default test" time="22.193" errors="0" timestamp="2026-06-11T08:59:21 EDT">
  <testcase classname="projectAutomationScripts.RegisterFunctionality" name="verifyRegistrationByMandatory" time="1.966"/>
  <testcase classname="projectAutomationScripts.RegisterFunctionality" name="verifyAcctRegistryPageForPlaceHolders" time="0.0">
    <ignored/>
  </testcase> <!-- verifyAcctRegistryPageForPlaceHolders -->
  <testcase classname="projectAutomationScripts.RegisterFunctionality" name="verifyRegistryPageWithLeadingAndTrailingSpaces" time="0.0">
    <ignored/>
  </testcase> <!-- verifyRegistryPageWithLeadingAndTrailingSpaces -->
  <testcase classname="projectAutomationScripts.RegisterFunctionality" name="verifyRegistrationWithAllAcctDetails" time="0.0">
    <ignored/>
  </testcase> <!-- verifyRegistrationWithAllAcctDetails -->
  <testcase classname="projectAutomationScripts.RegisterFunctionality" name="verifyPasswordStandardsForRegisterFunctionality" time="0.0">
    <ignored/>
  </testcase> <!-- verifyPasswordStandardsForRegisterFunctionality -->
  <testcase classname="projectAutomationScripts.RegisterFunctionality" name="verifyRegistryPageWithoutPrivacyFieldCheckBox" time="0.0">
    <ignored/>
  </testcase> <!-- verifyRegistryPageWithoutPrivacyFieldCheckBox -->
  <testcase classname="projectAutomationScripts.RegisterFunctionality" name="verifyRegistringAcctByInvalidPhoneNumber" time="0.0">
    <ignored/>
  </testcase> <!-- verifyRegistringAcctByInvalidPhoneNumber -->
  <testcase classname="projectAutomationScripts.RegisterFunctionality" name="newsletterYesOptionOnNewsletterPage" time="0.0">
    <ignored/>
  </testcase> <!-- newsletterYesOptionOnNewsletterPage -->
  <testcase classname="projectAutomationScripts.RegisterFunctionality" name="verifyLinksOnRegistryPage" time="0.0">
    <ignored/>
  </testcase> <!-- verifyLinksOnRegistryPage -->
  <testcase classname="projectAutomationScripts.RegisterFunctionality" name="verifyRegisterAcctFieldsMarkedWithRedColor" time="0.0">
    <ignored/>
  </testcase> <!-- verifyRegisterAcctFieldsMarkedWithRedColor -->
  <testcase classname="projectAutomationScripts.RegisterFunctionality" name="properNotificationForMandatoryFieldWhenFieldsNotEntered" time="0.0">
    <ignored/>
  </testcase> <!-- properNotificationForMandatoryFieldWhenFieldsNotEntered -->
  <testcase classname="projectAutomationScripts.RegisterFunctionality" name="errorOnPasswordAndConfirmPasswordMismatchOnRegPage" time="0.0">
    <ignored/>
  </testcase> <!-- errorOnPasswordAndConfirmPasswordMismatchOnRegPage -->
  <testcase classname="projectAutomationScripts.RegisterFunctionality" name="verifyRegistryPageWithSpaces" time="0.0">
    <ignored/>
  </testcase> <!-- verifyRegistryPageWithSpaces -->
  <testcase classname="projectAutomationScripts.RegisterFunctionality" name="verifyRegisterAcctWithInvalidEmail" time="0.0">
    <ignored/>
  </testcase> <!-- verifyRegisterAcctWithInvalidEmail -->
  <testcase classname="projectAutomationScripts.RegisterFunctionality" name="verifyPasswordToggledOnRegistryPage" time="0.0">
    <ignored/>
  </testcase> <!-- verifyPasswordToggledOnRegistryPage -->
  <testcase classname="projectAutomationScripts.RegisterFunctionality" name="verifyAccountRegistryWithUnfilledPasswordConfirm" time="0.0">
    <ignored/>
  </testcase> <!-- verifyAccountRegistryWithUnfilledPasswordConfirm -->
  <testcase classname="projectAutomationScripts.RegisterFunctionality" name="verifyRegAcctUsingKeyboardKeys" time="0.0">
    <ignored/>
  </testcase> <!-- verifyRegAcctUsingKeyboardKeys -->
  <testcase classname="projectAutomationScripts.RegisterFunctionality" name="newsletterNoOptionOnNewsletterPage" time="0.0">
    <ignored/>
  </testcase> <!-- newsletterNoOptionOnNewsletterPage -->
  <testcase classname="projectAutomationScripts.RegisterFunctionality" name="verifyRegistryAcctWithoutPrivacyFieldSelected" time="0.0">
    <ignored/>
  </testcase> <!-- verifyRegistryAcctWithoutPrivacyFieldSelected -->
  <testcase classname="projectAutomationScripts.RegisterFunctionality" name="differntWaysToRegisterUserAccount" time="0.0">
    <ignored/>
  </testcase> <!-- differntWaysToRegisterUserAccount -->
</testsuite> <!-- Default test -->
