<?xml version="1.0" encoding="UTF-8"?>
<testng-results ignored="19" total="20" passed="1" failed="0" skipped="0">
  <reporter-output>
  </reporter-output>
  <suite started-at="2026-06-11T08:58:59 EDT" name="Default suite" finished-at="2026-06-11T08:59:21 EDT" duration-ms="22193">
    <groups>
    </groups>
    <test started-at="2026-06-11T08:58:59 EDT" name="Default test" finished-at="2026-06-11T08:59:21 EDT" duration-ms="22193">
      <class name="projectAutomationScripts.RegisterFunctionality">
        <test-method is-config="true" signature="registerPageNavigation()[pri:0, instance:projectAutomationScripts.RegisterFunctionality@36ebc363]" started-at="2026-06-11T08:58:59 EDT" name="registerPageNavigation" finished-at="2026-06-11T08:59:19 EDT" duration-ms="19445" status="PASS">
          <reporter-output>
          </reporter-output>
        </test-method> <!-- registerPageNavigation -->
        <test-method signature="verifyRegistrationByMandatory()[pri:1, instance:projectAutomationScripts.RegisterFunctionality@36ebc363]" started-at="2026-06-11T08:59:19 EDT" name="verifyRegistrationByMandatory" finished-at="2026-06-11T08:59:21 EDT" duration-ms="1966" status="PASS">
          <reporter-output>
          </reporter-output>
        </test-method> <!-- verifyRegistrationByMandatory -->
        <test-method is-config="true" signature="tearDown()[pri:0, instance:projectAutomationScripts.RegisterFunctionality@36ebc363]" started-at="2026-06-11T08:59:21 EDT" name="tearDown" finished-at="2026-06-11T08:59:21 EDT" duration-ms="732" status="PASS">
          <reporter-output>
          </reporter-output>
        </test-method> <!-- tearDown -->
      </class> <!-- projectAutomationScripts.RegisterFunctionality -->
    </test> <!-- Default test -->
  </suite> <!-- Default suite -->
</testng-results>
