<?xml version="1.0" encoding="UTF-8"?>
<testng-results ignored="0" total="1" passed="1" failed="0" skipped="0">
  <reporter-output>
  </reporter-output>
  <suite started-at="2026-05-28T17:28:36 EDT" name="Default suite" finished-at="2026-05-28T17:28:44 EDT" duration-ms="8499">
    <groups>
    </groups>
    <test started-at="2026-05-28T17:28:36 EDT" name="Default test" finished-at="2026-05-28T17:28:44 EDT" duration-ms="8499">
      <class name="projectAutomationScripts.TC_RF_016">
        <test-method signature="verifyRegistryPageWithSpaces()[pri:0, instance:projectAutomationScripts.TC_RF_016@2a4fb17b]" started-at="2026-05-28T17:28:36 EDT" name="verifyRegistryPageWithSpaces" finished-at="2026-05-28T17:28:44 EDT" duration-ms="8459" status="PASS">
          <reporter-output>
          </reporter-output>
        </test-method> <!-- verifyRegistryPageWithSpaces -->
      </class> <!-- projectAutomationScripts.TC_RF_016 -->
    </test> <!-- Default test -->
  </suite> <!-- Default suite -->
</testng-results>
