<?xml version="1.0" encoding="UTF-8"?>
<!-- Generated by org.testng.reporters.JUnitReportReporter -->
<testsuite hostname="Seema_laptop" failures="0" tests="1" name="projectAutomationScripts.RegisterFunctionality" time="31.605" errors="0" timestamp="2026-06-12T15:41:06 EDT" skipped="0">
  <testcase classname="projectAutomationScripts.RegisterFunctionality" name="errorOnPasswordAndConfirmPasswordMismatchOnRegPage" time="31.605"/>
</testsuite> <!-- projectAutomationScripts.RegisterFunctionality -->
